<?xml version="1.0" encoding="UTF-8"?>
<testng-results ignored="0" total="1" passed="1" failed="0" skipped="0">
  <reporter-output>
  </reporter-output>
  <suite started-at="2022-05-05T18:04:09 EDT" name="Surefire suite" finished-at="2022-05-05T18:04:25 EDT" duration-ms="15152">
    <groups>
      <group name="cucumber">
        <method signature="AbstractTestNGCucumberTests.feature(cucumber.api.testng.CucumberFeatureWrapper)[pri:0, instance:AliTestRunner.TestRunnerAli@765d7657]" name="feature" class="cucumber.api.testng.AbstractTestNGCucumberTests"/>
      </group> <!-- cucumber -->
    </groups>
    <test started-at="2022-05-05T18:04:09 EDT" name="Surefire test" finished-at="2022-05-05T18:04:25 EDT" duration-ms="15152">
      <class name="AliTestRunner.TestRunnerAli">
        <test-method is-config="true" signature="setUP()[pri:0, instance:AliTestRunner.TestRunnerAli@765d7657]" started-at="2022-05-05T18:04:09 EDT" name="setUP" finished-at="2022-05-05T18:04:15 EDT" duration-ms="5909" status="PASS">
          <reporter-output>
          </reporter-output>
        </test-method> <!-- setUP -->
        <test-method is-config="true" signature="setUpClass()[pri:0, instance:AliTestRunner.TestRunnerAli@765d7657]" started-at="2022-05-05T18:04:15 EDT" name="setUpClass" finished-at="2022-05-05T18:04:16 EDT" duration-ms="472" status="PASS">
          <reporter-output>
          </reporter-output>
        </test-method> <!-- setUpClass -->
        <test-method signature="feature(cucumber.api.testng.CucumberFeatureWrapper)[pri:0, instance:AliTestRunner.TestRunnerAli@765d7657]" started-at="2022-05-05T18:04:16 EDT" name="feature" description="Runs Cucumber Feature" data-provider="features" finished-at="2022-05-05T18:04:23 EDT" duration-ms="7274" status="PASS">
          <params>
            <param index="0">
              <value>
                <![CDATA[login functionality]]>
              </value>
            </param>
          </params>
          <reporter-output>
          </reporter-output>
        </test-method> <!-- feature -->
        <test-method is-config="true" signature="tearDownClass()[pri:0, instance:AliTestRunner.TestRunnerAli@765d7657]" started-at="2022-05-05T18:04:23 EDT" name="tearDownClass" finished-at="2022-05-05T18:04:23 EDT" duration-ms="17" status="PASS">
          <reporter-output>
          </reporter-output>
        </test-method> <!-- tearDownClass -->
        <test-method is-config="true" signature="tearDown()[pri:0, instance:AliTestRunner.TestRunnerAli@765d7657]" started-at="2022-05-05T18:04:23 EDT" name="tearDown" finished-at="2022-05-05T18:04:25 EDT" duration-ms="1264" status="PASS">
          <reporter-output>
          </reporter-output>
        </test-method> <!-- tearDown -->
      </class> <!-- AliTestRunner.TestRunnerAli -->
    </test> <!-- Surefire test -->
  </suite> <!-- Surefire suite -->
</testng-results>
